<?xml version="1.0" encoding="UTF-8"?>
<!-- Generated by org.testng.reporters.JUnitReportReporter -->
<testsuite skipped="0" hostname="DESKTOP-O1J3ANV" name="Ashwil_mavenGroup.SeleniumTest" tests="1" failures="0" timestamp="2019-08-29T17:10:15 IST" time="0.015" errors="0">
  <testcase name="testmethod" time="0.015" classname="Ashwil_mavenGroup.SeleniumTest"/>
</testsuite> <!-- Ashwil_mavenGroup.SeleniumTest -->
