<?xml version="1.0" encoding="UTF-8"?>
<!-- Generated by org.testng.reporters.JUnitReportReporter -->
<testsuite skipped="0" hostname="DESKTOP-O1J3ANV" name="Ashwil_mavenGroup.ClassB" tests="1" failures="0" timestamp="2019-11-07T23:05:43 IST" time="0.016" errors="0">
  <testcase name="test1" time="0.016" classname="Ashwil_mavenGroup.ClassB"/>
</testsuite> <!-- Ashwil_mavenGroup.ClassB -->
