<?xml version="1.0" encoding="UTF-8"?>
<!-- Generated by org.testng.reporters.JUnitReportReporter -->
<testsuite skipped="0" hostname="DESKTOP-O1J3ANV" name="Ashwil_mavenGroup.ClassC" tests="1" failures="0" timestamp="2019-11-07T23:22:44 IST" time="0.032" errors="0">
  <testcase name="test2" time="0.032" classname="Ashwil_mavenGroup.ClassC"/>
</testsuite> <!-- Ashwil_mavenGroup.ClassC -->
