<?xml version="1.0" encoding="UTF-8"?>
<!-- Generated by org.testng.reporters.JUnitReportReporter -->
<testsuite skipped="0" hostname="DESKTOP-O1J3ANV" name="Ashwil_mavenGroup.Demo" tests="1" failures="0" timestamp="2019-10-31T15:17:44 IST" time="17.109" errors="0">
  <testcase name="test" time="17.109" classname="Ashwil_mavenGroup.Demo"/>
</testsuite> <!-- Ashwil_mavenGroup.Demo -->
