<?xml version="1.0" encoding="UTF-8"?>
<!-- Generated by org.testng.reporters.JUnitReportReporter -->
<testsuite skipped="0" hostname="DESKTOP-O1J3ANV" name="Ashwil_mavenGroup.TestMaven" tests="1" failures="0" timestamp="2019-09-30T22:56:01 IST" time="12.976" errors="0">
  <testcase name="myTestcase" time="12.976" classname="Ashwil_mavenGroup.TestMaven"/>
</testsuite> <!-- Ashwil_mavenGroup.TestMaven -->
