<?xml version="1.0" encoding="UTF-8"?>
<!-- Generated by org.testng.reporters.JUnitReportReporter -->
<testsuite skipped="0" hostname="DESKTOP-O1J3ANV" name="Ashwil_mavenGroup.AppTest" tests="1" failures="0" timestamp="2019-08-29T16:59:06 IST" time="0.078" errors="0">
  <testcase name="testApp" time="0.078" classname="Ashwil_mavenGroup.AppTest"/>
</testsuite> <!-- Ashwil_mavenGroup.AppTest -->
