<?xml version="1.0" encoding="UTF-8"?>
<!-- Generated by org.testng.reporters.JUnitReportReporter -->
<testsuite skipped="0" hostname="DESKTOP-O1J3ANV" name="Ashwil_mavenGroup.TestMaven" tests="1" failures="0" timestamp="2019-08-29T18:33:54 IST" time="0.016" errors="0">
  <testcase name="myTestcase" time="0.016" classname="Ashwil_mavenGroup.TestMaven"/>
</testsuite> <!-- Ashwil_mavenGroup.TestMaven -->
